main.obj : error LNK2019: 无法解析的外部符号 _glfwInit，函数 "void __cdecl OpenWindow(void)" (?OpenWindow@@YAXXZ) 中引用了该符号
main.obj : error LNK2019: 无法解析的外部符号 _glfwTerminate，函数 "void __cdecl OpenWindow(void)" (?OpenWindow@@YAXXZ) 中引用了该符号
main.obj : error LNK2019: 无法解析的外部符号 _glfwWindowHint，函数 "void __cdecl OpenWindow(void)" (?OpenWindow@@YAXXZ) 中引用了该符号
main.obj : error LNK2019: 无法解析的外部符号 _glfwCreateWindow，函数 "void __cdecl OpenWindow(void)" (?OpenWindow@@YAXXZ) 中引用了该符号
main.obj : error LNK2019: 无法解析的外部符号 _glfwWindowShouldClose，函数 _main 中引用了该符号
main.obj : error LNK2019: 无法解析的外部符号 _glfwPollEvents，函数 _main 中引用了该符号
main.obj : error LNK2019: 无法解析的外部符号 _glfwSetInputMode，函数 "void __cdecl OpenWindow(void)" (?OpenWindow@@YAXXZ) 中引用了该符号
main.obj : error LNK2019: 无法解析的外部符号 _glfwGetKey，函数 "private: void __thiscall Camera::KeyboardInput(float)" (?KeyboardInput@Camera@@AAEXM@Z) 中引用了该符号
main.obj : error LNK2019: 无法解析的外部符号 _glfwGetMouseButton，函数 "public: void __thiscall World::Update(float)" (?Update@World@@QAEXM@Z) 中引用了该符号
main.obj : error LNK2019: 无法解析的外部符号 _glfwGetCursorPos，函数 "private: void __thiscall Camera::MouseMovement(void)" (?MouseMovement@Camera@@AAEXXZ) 中引用了该符号
main.obj : error LNK2019: 无法解析的外部符号 _glfwGetTime，函数 _main 中引用了该符号
main.obj : error LNK2019: 无法解析的外部符号 _glfwMakeContextCurrent，函数 "void __cdecl OpenWindow(void)" (?OpenWindow@@YAXXZ) 中引用了该符号
main.obj : error LNK2019: 无法解析的外部符号 _glfwSwapBuffers，函数 _main 中引用了该符号
main.obj : error LNK2019: 无法解析的外部符号 _glfwSwapInterval，函数 "void __cdecl OpenWindow(void)" (?OpenWindow@@YAXXZ) 中引用了该符号
main.obj : error LNK2019: 无法解析的外部符号 _glfwGetProcAddress，函数 "void __cdecl OpenWindow(void)" (?OpenWindow@@YAXXZ) 中引用了该符号
main.obj : error LNK2019: 无法解析的外部符号 "public: __thiscall Assimp::Importer::Importer(void)" (??0Importer@Assimp@@QAE@XZ)，函数 "private: void __thiscall Model::LoadModel(class std::basic_string<char,struct std::char_traits<char>,class std::allocator<char> > const &)" (?LoadModel@Model@@AAEXABV?$basic_string@DU?$char_traits@D@std@@V?$allocator@D@2@@std@@@Z) 中引用了该符号
main.obj : error LNK2019: 无法解析的外部符号 "public: __thiscall Assimp::Importer::~Importer(void)" (??1Importer@Assimp@@QAE@XZ)，函数 "private: void __thiscall Model::LoadModel(class std::basic_string<char,struct std::char_traits<char>,class std::allocator<char> > const &)" (?LoadModel@Model@@AAEXABV?$basic_string@DU?$char_traits@D@std@@V?$allocator@D@2@@std@@@Z) 中引用了该符号
main.obj : error LNK2019: 无法解析的外部符号 "public: struct aiScene const * __thiscall Assimp::Importer::ReadFile(char const *,unsigned int)" (?ReadFile@Importer@Assimp@@QAEPBUaiScene@@PBDI@Z)，函数 "public: struct aiScene const * __thiscall Assimp::Importer::ReadFile(class std::basic_string<char,struct std::char_traits<char>,class std::allocator<char> > const &,unsigned int)" (?ReadFile@Importer@Assimp@@QAEPBUaiScene@@ABV?$basic_string@DU?$char_traits@D@std@@V?$allocator@D@2@@std@@I@Z) 中引用了该符号
main.obj : error LNK2019: 无法解析的外部符号 "public: char const * __thiscall Assimp::Importer::GetErrorString(void)const " (?GetErrorString@Importer@Assimp@@QBEPBDXZ)，函数 "private: void __thiscall Model::LoadModel(class std::basic_string<char,struct std::char_traits<char>,class std::allocator<char> > const &)" (?LoadModel@Model@@AAEXABV?$basic_string@DU?$char_traits@D@std@@V?$allocator@D@2@@std@@@Z) 中引用了该符号
library\lib\assimp-vc143-mtd.lib : warning LNK4272: 库计算机类型“x64”与目标计算机类型“x86”冲突
library\lib\glew32.lib : warning LNK4272: 库计算机类型“x64”与目标计算机类型“x86”冲突
library\lib\glew32s.lib : warning LNK4272: 库计算机类型“x64”与目标计算机类型“x86”冲突
library\lib\glfw3.lib : warning LNK4272: 库计算机类型“x64”与目标计算机类型“x86”冲突
C:\Users\16632\Documents\OpenGLGame\Shoot-Game-main\Debug\Shoot Game.exe : fatal error LNK1120: 19 个无法解析的外部命令
