  main.cpp
C:\Users\16632\Desktop\Shoot-Maze-Game\src\setmaze.h(11,1): warning C4267: “初始化”: 从“size_t”转换到“int”，可能丢失数据
C:\Users\16632\Desktop\Shoot-Maze-Game\src\setmaze.h(12,1): warning C4267: “初始化”: 从“size_t”转换到“int”，可能丢失数据
C:\Users\16632\Desktop\Shoot-Maze-Game\src\camera.h(154,33): warning C4244: “+=”: 从“double”转换到“float”，可能丢失数据
C:\Users\16632\Desktop\Shoot-Maze-Game\src\camera.h(155,35): warning C4244: “+=”: 从“double”转换到“float”，可能丢失数据
C:\Users\16632\Desktop\Shoot-Maze-Game\src\camera.h(238,1): warning C4267: “初始化”: 从“size_t”转换到“int”，可能丢失数据
C:\Users\16632\Desktop\Shoot-Maze-Game\src\camera.h(239,1): warning C4267: “初始化”: 从“size_t”转换到“int”，可能丢失数据
C:\Users\16632\Desktop\Shoot-Maze-Game\src\place.h(197,1): warning C4305: “参数”: 从“double”到“float”截断
C:\Users\16632\Desktop\Shoot-Maze-Game\src\player.h(90,1): warning C4305: “参数”: 从“double”到“T”截断
          with
          [
              T=float
          ]
C:\Users\16632\Desktop\Shoot-Maze-Game\src\player.h(223,1): warning C4305: “参数”: 从“double”到“float”截断
C:\Users\16632\Desktop\Shoot-Maze-Game\src\player.h(225,1): warning C4305: “参数”: 从“double”到“float”截断
C:\Users\16632\Desktop\Shoot-Maze-Game\src\player.h(226,1): warning C4305: “参数”: 从“double”到“float”截断
C:\Users\16632\Desktop\Shoot-Maze-Game\src\player.h(252,1): warning C4305: “参数”: 从“double”到“T”截断
          with
          [
              T=float
          ]
C:\Users\16632\Desktop\Shoot-Maze-Game\src\player.h(253,1): warning C4305: “参数”: 从“double”到“T”截断
          with
          [
              T=float
          ]
C:\Users\16632\Desktop\Shoot-Maze-Game\src\boss.h(38,28): warning C4244: “初始化”: 从“double”转换到“float”，可能丢失数据
C:\Users\16632\Desktop\Shoot-Maze-Game\src\boss.h(140,23): warning C4244: “初始化”: 从“int”转换到“float”，可能丢失数据
C:\Users\16632\Desktop\Shoot-Maze-Game\src\boss.h(141,23): warning C4244: “初始化”: 从“int”转换到“float”，可能丢失数据
C:\Users\16632\Desktop\Shoot-Maze-Game\src\world.h(113,1): warning C4267: “初始化”: 从“size_t”转换到“int”，可能丢失数据
C:\Users\16632\Desktop\Shoot-Maze-Game\src\world.h(114,1): warning C4267: “初始化”: 从“size_t”转换到“int”，可能丢失数据
C:\Users\16632\Desktop\Shoot-Maze-Game\src\world.h(222,44): warning C4244: “参数”: 从“T”转换到“GLsizei”，可能丢失数据
          with
          [
              T=float
          ]
C:\Users\16632\Desktop\Shoot-Maze-Game\src\world.h(222,30): warning C4244: “参数”: 从“T”转换到“GLsizei”，可能丢失数据
          with
          [
              T=float
          ]
C:\Users\16632\Desktop\Shoot-Maze-Game\src\main.cpp(27,15): warning C4244: “参数”: 从“time_t”转换到“unsigned int”，可能丢失数据
C:\Users\16632\Desktop\Shoot-Maze-Game\src\main.cpp(65,26): warning C4244: “参数”: 从“double”转换到“float”，可能丢失数据
  Maze Game.vcxproj -> C:\Users\16632\Desktop\Shoot-Maze-Game\x64\Debug\Maze Game.exe
