c:\users\16632\documents\openglgame\shoot-game-main\x64\debug\vc141.pdb
c:\users\16632\documents\openglgame\shoot-game-main\x64\debug\vc141.idb
c:\users\16632\documents\openglgame\shoot-game-main\x64\debug\main.obj
c:\users\16632\documents\openglgame\shoot-game-main\x64\debug\stb_image.obj
c:\users\16632\documents\openglgame\shoot-game-main\x64\debug\glm.obj
c:\users\16632\documents\openglgame\shoot-game-main\x64\debug\vc143.pdb
c:\users\16632\documents\openglgame\shoot-game-main\x64\debug\vc143.idb
c:\users\16632\documents\openglgame\shoot-game-main\x64\debug\glad.obj
c:\users\16632\documents\openglgame\shoot-game-main\x64\debug\shoot game.exe
c:\users\16632\documents\openglgame\shoot-game-main\x64\debug\shoot game.ilk
c:\users\16632\documents\openglgame\shoot-game-main\x64\debug\shoot game.pdb
c:\users\16632\documents\openglgame\shoot-game-main\x64\debug\project1.pdb
c:\users\16632\documents\openglgame\shoot-game-main\x64\debug\shoot game.tlog\cl.command.1.tlog
c:\users\16632\documents\openglgame\shoot-game-main\x64\debug\shoot game.tlog\cl.read.1.tlog
c:\users\16632\documents\openglgame\shoot-game-main\x64\debug\shoot game.tlog\cl.write.1.tlog
c:\users\16632\documents\openglgame\shoot-game-main\x64\debug\shoot game.tlog\link.21384.read.1.tlog
c:\users\16632\documents\openglgame\shoot-game-main\x64\debug\shoot game.tlog\link.21384.read.2.tlog
c:\users\16632\documents\openglgame\shoot-game-main\x64\debug\shoot game.tlog\link.21384.write.1.tlog
c:\users\16632\documents\openglgame\shoot-game-main\x64\debug\shoot game.tlog\link.command.1.tlog
c:\users\16632\documents\openglgame\shoot-game-main\x64\debug\shoot game.tlog\link.read.1.tlog
c:\users\16632\documents\openglgame\shoot-game-main\x64\debug\shoot game.tlog\link.read.2.tlog
c:\users\16632\documents\openglgame\shoot-game-main\x64\debug\shoot game.tlog\link.write.1.tlog
